[0m23:29:38.013657 [debug] [MainThread]: Sending event: {'category': 'dbt', 'action': 'invocation', 'label': 'start', 'context': [<snowplow_tracker.self_describing_json.SelfDescribingJson object at 0x104856e10>, <snowplow_tracker.self_describing_json.SelfDescribingJson object at 0x104d6ddc0>, <snowplow_tracker.self_describing_json.SelfDescribingJson object at 0x104d6d940>]}


============================== 23:29:38.016253 | b8330e3f-cf50-405a-8010-e989291ff0fc ==============================
[0m23:29:38.016253 [info ] [MainThread]: Running with dbt=1.9.3
[0m23:29:38.016528 [debug] [MainThread]: running dbt with arguments {'printer_width': '80', 'indirect_selection': 'eager', 'write_json': 'True', 'log_cache_events': 'False', 'partial_parse': 'True', 'cache_selected_only': 'False', 'warn_error': 'None', 'fail_fast': 'False', 'profiles_dir': '/Users/amar/.dbt', 'log_path': 'logs', 'version_check': 'True', 'debug': 'False', 'use_colors': 'True', 'use_experimental_parser': 'False', 'no_print': 'None', 'quiet': 'False', 'empty': 'None', 'log_format': 'default', 'static_parser': 'True', 'warn_error_options': 'WarnErrorOptions(include=[], exclude=[])', 'invocation_command': 'dbt init', 'target_path': 'None', 'introspect': 'True', 'send_anonymous_usage_stats': 'True'}
[0m23:29:47.365640 [debug] [MainThread]: Starter project path: /Users/amar/Desktop/ELT/env/lib/python3.12/site-packages/dbt/include/starter_project
[0m23:29:47.377271 [info ] [MainThread]: 
Your new dbt project "custom_postgres" was created!

For more information on how to configure the profiles.yml file,
please consult the dbt documentation here:

  https://docs.getdbt.com/docs/configure-your-profile

One more thing:

Need help? Don't hesitate to reach out to us via GitHub issues or on Slack:

  https://community.getdbt.com/

Happy modeling!

[0m23:29:47.377766 [info ] [MainThread]: Setting up your profile.
[0m23:29:56.982821 [debug] [MainThread]: Resource report: {"command_name": "init", "command_success": true, "command_wall_clock_time": 19.001698, "process_in_blocks": "0", "process_kernel_time": 0.098208, "process_mem_max_rss": "92438528", "process_out_blocks": "0", "process_user_time": 0.518228}
[0m23:29:56.983900 [debug] [MainThread]: Command `dbt init` succeeded at 23:29:56.983746 after 19.00 seconds
[0m23:29:56.984516 [debug] [MainThread]: Sending event: {'category': 'dbt', 'action': 'invocation', 'label': 'end', 'context': [<snowplow_tracker.self_describing_json.SelfDescribingJson object at 0x10427e6f0>, <snowplow_tracker.self_describing_json.SelfDescribingJson object at 0x104a86660>, <snowplow_tracker.self_describing_json.SelfDescribingJson object at 0x104d987d0>]}
[0m23:29:56.985035 [debug] [MainThread]: Flushing usage events
[0m23:29:57.341368 [debug] [MainThread]: An error was encountered while trying to flush usage events
[0m23:30:02.834213 [debug] [MainThread]: Sending event: {'category': 'dbt', 'action': 'invocation', 'label': 'start', 'context': [<snowplow_tracker.self_describing_json.SelfDescribingJson object at 0x106d3e090>, <snowplow_tracker.self_describing_json.SelfDescribingJson object at 0x107239f40>, <snowplow_tracker.self_describing_json.SelfDescribingJson object at 0x107239ac0>]}


============================== 23:30:02.836223 | e8165eeb-bcfc-4538-b6ea-726ed2c2fa2a ==============================
[0m23:30:02.836223 [info ] [MainThread]: Running with dbt=1.9.3
[0m23:30:02.836500 [debug] [MainThread]: running dbt with arguments {'printer_width': '80', 'indirect_selection': 'eager', 'log_cache_events': 'False', 'write_json': 'True', 'partial_parse': 'True', 'cache_selected_only': 'False', 'profiles_dir': '/Users/amar/.dbt', 'version_check': 'True', 'warn_error': 'None', 'log_path': 'logs', 'debug': 'False', 'fail_fast': 'False', 'use_colors': 'True', 'use_experimental_parser': 'False', 'empty': 'None', 'quiet': 'False', 'no_print': 'None', 'warn_error_options': 'WarnErrorOptions(include=[], exclude=[])', 'introspect': 'True', 'log_format': 'default', 'static_parser': 'True', 'target_path': 'None', 'invocation_command': 'dbt init', 'send_anonymous_usage_stats': 'True'}
[0m23:30:08.911901 [debug] [MainThread]: Starter project path: /Users/amar/Desktop/ELT/env/lib/python3.12/site-packages/dbt/include/starter_project
[0m23:30:08.920128 [info ] [MainThread]: 
Your new dbt project "postgres" was created!

For more information on how to configure the profiles.yml file,
please consult the dbt documentation here:

  https://docs.getdbt.com/docs/configure-your-profile

One more thing:

Need help? Don't hesitate to reach out to us via GitHub issues or on Slack:

  https://community.getdbt.com/

Happy modeling!

[0m23:30:08.920929 [info ] [MainThread]: Setting up your profile.
[0m23:30:45.971079 [info ] [MainThread]: Profile postgres written to /Users/amar/.dbt/profiles.yml using target's profile_template.yml and your supplied values. Run 'dbt debug' to validate the connection.
[0m23:30:45.976122 [debug] [MainThread]: Resource report: {"command_name": "init", "command_success": true, "command_wall_clock_time": 43.16721, "process_in_blocks": "0", "process_kernel_time": 0.090024, "process_mem_max_rss": "94535680", "process_out_blocks": "0", "process_user_time": 0.507388}
[0m23:30:45.976891 [debug] [MainThread]: Command `dbt init` succeeded at 23:30:45.976729 after 43.17 seconds
[0m23:30:45.977718 [debug] [MainThread]: Sending event: {'category': 'dbt', 'action': 'invocation', 'label': 'end', 'context': [<snowplow_tracker.self_describing_json.SelfDescribingJson object at 0x107239c40>, <snowplow_tracker.self_describing_json.SelfDescribingJson object at 0x10629caa0>, <snowplow_tracker.self_describing_json.SelfDescribingJson object at 0x106a62630>]}
[0m23:30:45.978248 [debug] [MainThread]: Flushing usage events
[0m23:30:46.534411 [debug] [MainThread]: An error was encountered while trying to flush usage events
